2023-03-02 11:05:23      Execution started.
2023-03-02 11:05:23      QVB Version                   12.20.20700+2018-06-19 08:55:04+e2a0a63
2023-03-02 11:05:23      CPU Target                    x64
2023-03-02 11:05:23      Operating System              Windows Server 2012 R2 Datacenter  (64 bit edition)
2023-03-02 11:05:23      Wow64 mode                    Not using Wow64
2023-03-02 11:05:23      Language                      0409 English (United States) English
2023-03-02 11:05:23      Country                       1 United States United States
2023-03-02 11:05:23      MDAC Version                  6.3.9600.16384
2023-03-02 11:05:23      MDAC Full Install Version     6.3.9600.16384
2023-03-02 11:05:23      PreferredCompression          2
2023-03-02 11:05:23      EnableParallelReload          1
2023-03-02 11:05:23      ParallelizeQvdLoads           1
2023-03-02 11:05:23      AutoSaveAfterReload           0
2023-03-02 11:05:23      BackupBeforeReload            0
2023-03-02 11:05:23      EnableFlushLog                0
2023-03-02 11:05:23      SaveInfoWhenSavingFile        0
2023-03-02 11:05:23      UserLogfileCharset            65001
2023-03-02 11:05:23      OdbcLoginTimeout              -1
2023-03-02 11:05:23      OdbcConnectionTimeout         -1
2023-03-02 11:05:23      LongestPossibleLine           1048576
2023-03-02 11:05:23      MaxCoreMask                   -1
2023-03-02 11:05:23      ScriptWantsDbWrite            false
2023-03-02 11:05:23      ScriptWantsExe                false
2023-03-02 11:05:23      LogFile CodePage Used:        65001
2023-03-02 11:05:23      UseMemoryFillPattern          1
2023-03-02 11:05:23      ScriptMode                    Legacy (gives greater system access) (aka qv11 mode)
2023-03-02 11:05:23      SequentialThreadCount         28
2023-03-02 11:05:23      NumberOfCores (effective)     8
2023-03-02 11:05:23      ReloadCodebase                Bnf
2023-03-02 11:05:23      Reload Executed By            QV12-Monsanto\serviceqv
2023-03-02 11:05:23      Process Executing             QVB
2023-03-02 11:05:23      Process ID                    9056
2023-03-02 11:05:23 0025 SET ThousandSep='.'
2023-03-02 11:05:23 0002 SET DecimalSep=','
2023-03-02 11:05:23 0003 SET MoneyThousandSep='.'
2023-03-02 11:05:23 0004 SET MoneyDecimalSep=','
2023-03-02 11:05:23 0005 SET MoneyFormat='$#.##0,00;-$#.##0,00'
2023-03-02 11:05:23 0006 SET TimeFormat='h:mm:ss TT'
2023-03-02 11:05:23 0007 SET DateFormat='M/D/YYYY'
2023-03-02 11:05:23 0008 SET TimestampFormat='M/D/YYYY h:mm:ss[.fff] TT'
2023-03-02 11:05:23 0009 SET MonthNames='jan;feb;mar;apr;may;jun;jul;aug;sep;oct;nov;dec'
2023-03-02 11:05:23 0010 SET DayNames='mon.;tue.;wed.;thu.;fri.;sat.;sun.'
2023-03-02 11:05:23 0031 Set vRecargaUsuario = 0
2023-03-02 11:05:23 0034 Set vConfirmacionEjecucionModelo = 0
2023-03-02 11:05:23 0037 Let vUltimoResultadoOptimizador = Date(QvdCreateTime('[..\..\..\PROD\DATA\EXCEL\QVD\DATA_EXCEL_OUTBOUND_ROJAS_OPTIMIZADO_DISTRIBUCION_OPTIMIZADO.qvd]')-(3/24), 'DD/MM/YYYY HH:mm')
2023-03-02 11:05:23 0039 Let vInputStartDate = Date(today(),'DD/MM/YYYY')
2023-03-02 11:05:23 0040 Let vInputEndDate = Date(today()+7,'DD/MM/YYYY')
2023-03-02 11:05:23 0045 LAST_EXECUTION:
2023-03-02 11:05:23 0046 LOAD 
2023-03-02 11:05:23 0047 	 NUM(alt(
2023-03-02 11:05:23 0048 	 		 DATE#(@1, 'MM/DD/YYYY hh:mm')								
2023-03-02 11:05:23 0049 	 		 ,DATE#(@1, 'MM/DD/YYYY  hh:mm')))-(3/24)					AS LAST_ON_DEMAND_EXECUTION
2023-03-02 11:05:23 0050 FROM
2023-03-02 11:05:23 0051 [..\..\DATA\OPTIMIZACION\CFG\LastOnDemandExecutionTimeStamp.txt]
2023-03-02 11:05:23 0052 (txt, codepage is 1252, no labels, delimiter is '\t')
2023-03-02 11:05:23      	1 fields found: LAST_ON_DEMAND_EXECUTION, 
2023-03-02 11:05:23      1 lines fetched
2023-03-02 11:05:23 0055 USER_EXECUTION:
2023-03-02 11:05:23 0056 LOAD 
2023-03-02 11:05:23 0057 	@1																	AS USER_ON_DEMAND_EXECUTION
2023-03-02 11:05:23 0058 FROM
2023-03-02 11:05:23 0059 [..\..\DATA\OPTIMIZACION\CFG\LastOnDemandExecutionUser.txt]
2023-03-02 11:05:23 0060 (txt, codepage is 1252, no labels, delimiter is '\t')
2023-03-02 11:05:23      	1 fields found: USER_ON_DEMAND_EXECUTION, 
2023-03-02 11:05:23      1 lines fetched
2023-03-02 11:05:23 0066 ACTUALIZACIONES_ARCHIVOS:
2023-03-02 11:05:23 0067 LOAD 
2023-03-02 11:05:23 0068 	 ï»¿ARCHIVO								AS ARCHIVO, 
2023-03-02 11:05:23 0069      NUM(DATE#(ULTIMA_FECHA, 'YYYYMMDD'))				AS ULTIMA_FECHA
2023-03-02 11:05:23 0070 FROM
2023-03-02 11:05:23 0071 [..\..\DATA\OPTIMIZACION\CFG\FechasEnvios.CSV]
2023-03-02 11:05:23 0072 (txt, codepage is 1252, embedded labels, delimiter is ',')
2023-03-02 11:05:23      	2 fields found: ARCHIVO, ULTIMA_FECHA, 
2023-03-02 11:05:23      10 lines fetched
2023-03-02 11:05:23 0077 OPTIMIZADO:
2023-03-02 11:05:23 0078 LOAD KEY_PEDIDO_MATERIAL_FECHACORRIDA, 
2023-03-02 11:05:23 0079      TIPO_PEDIDO, 
2023-03-02 11:05:23 0080      NRO_SOLICITUD, 
2023-03-02 11:05:23 0081      CLIENTE, 
2023-03-02 11:05:23 0082      ID_DESTINO, 
2023-03-02 11:05:23 0083      PRESENTACION_PEDIDO, 
2023-03-02 11:05:23 0084      ZONA_DESTINO, 
2023-03-02 11:05:23 0085      FECHA_LLEGADA_PREFERIBLE, 
2023-03-02 11:05:23 0086      RECEPCION, 
2023-03-02 11:05:23 0087      FECHA_RECEPCION_CENTRO, 
2023-03-02 11:05:23 0088      ESTADO_PEDIDO, 
2023-03-02 11:05:23 0089      FECHA_FACTURACION, 
2023-03-02 11:05:23 0090      FECHA_MINIMA_RECEPCION_CLIENTE, 
2023-03-02 11:05:23 0091      CODIGO_BLOQUEO, 
2023-03-02 11:05:23 0092      ERROR_FECHA_ENTREGA, 
2023-03-02 11:05:23 0093      TIPO_CLIENTE, 
2023-03-02 11:05:23 0094      PRIORIDAD, 
2023-03-02 11:05:23 0095      FECHA_INICIO_SIEMBRA, 
2023-03-02 11:05:23 0096      FECHA_FIN_SIEMBRA, 
2023-03-02 11:05:23 0097      FECHA_INICIO_SIEMBRA_TARDIO, 
2023-03-02 11:05:23 0098      FECHA_FIN_SIEMBRA_TARDIO, 
2023-03-02 11:05:23 0099      SE_DESPACHA, 
2023-03-02 11:05:23 0100      RAZON, 
2023-03-02 11:05:23 0101      CANT_MATERIAL_SSU, 
2023-03-02 11:05:23 0102      FLAG_ESTADO
2023-03-02 11:05:23 0103 FROM
2023-03-02 11:05:23 0104 [..\..\..\PROD\STG\OPTIMIZADO\QVD\STG_EXCEL_OUTBOUND_ROJAS_OPTIMIZADO_DISTRIBUCION_OPTIMIZADO.qvd]
2023-03-02 11:05:23 0105 (qvd)
2023-03-02 11:05:23 0106 where not match(PRIORIDAD,5000,10)
2023-03-02 11:05:26      	25 fields found: KEY_PEDIDO_MATERIAL_FECHACORRIDA, TIPO_PEDIDO, NRO_SOLICITUD, CLIENTE, ID_DESTINO, PRESENTACION_PEDIDO, ZONA_DESTINO, FECHA_LLEGADA_PREFERIBLE, RECEPCION, FECHA_RECEPCION_CENTRO, ESTADO_PEDIDO, FECHA_FACTURACION, FECHA_MINIMA_RECEPCION_CLIENTE, CODIGO_BLOQUEO, ERROR_FECHA_ENTREGA, TIPO_CLIENTE, PRIORIDAD, FECHA_INICIO_SIEMBRA, FECHA_FIN_SIEMBRA, FECHA_INICIO_SIEMBRA_TARDIO, FECHA_FIN_SIEMBRA_TARDIO, SE_DESPACHA, RAZON, CANT_MATERIAL_SSU, FLAG_ESTADO, 
2023-03-02 11:05:26      362,367 lines fetched
2023-03-02 11:05:26 0109 PEDIDO_MATERIALES:
2023-03-02 11:05:26 0110 LOAD KEY_PEDIDO_MATERIAL_FECHACORRIDA, 
2023-03-02 11:05:26 0111      FECHA_DISPONIBILIDAD, 
2023-03-02 11:05:26 0112      CENTRO, 
2023-03-02 11:05:26 0113      LOTE, 
2023-03-02 11:05:26 0114      PLANIFICADOS, 
2023-03-02 11:05:26 0115      CANT_MATERIAL_SSU_LOTE_A_DESPACHAR, 
2023-03-02 11:05:26 0116      UBICACION, 
2023-03-02 11:05:26 0117      CALIDAD_LOTE
2023-03-02 11:05:26 0118 FROM
2023-03-02 11:05:26 0119 [..\..\..\PROD\STG\OPTIMIZADO\QVD\STG_EXCEL_OUTBOUND_ROJAS_OPTIMIZADO_DISTRIBUCION_PEDIDOS_MATERIALES.qvd]
2023-03-02 11:05:26 0120 (qvd)
2023-03-02 11:05:27      	8 fields found: KEY_PEDIDO_MATERIAL_FECHACORRIDA, FECHA_DISPONIBILIDAD, CENTRO, LOTE, PLANIFICADOS, CANT_MATERIAL_SSU_LOTE_A_DESPACHAR, UBICACION, CALIDAD_LOTE, 
2023-03-02 11:05:27      257,703 lines fetched
2023-03-02 11:05:27 0124 CRITICOS:
2023-03-02 11:05:27 0125 LOAD * INLINE [
2023-03-02 11:05:27 0126     ID_MATERIAL
2023-03-02 11:05:27 0127     12787692
2023-03-02 11:05:27 0128     12787700
2023-03-02 11:05:27 0129     12787701
2023-03-02 11:05:27 0130     12873609
2023-03-02 11:05:27 0131     12878270
2023-03-02 11:05:27 0132     12878274
2023-03-02 11:05:27 0133     12878275
2023-03-02 11:05:27 0134     12878276
2023-03-02 11:05:27 0135     12878277
2023-03-02 11:05:27 0136     13111527
2023-03-02 11:05:27 0137     13111533
2023-03-02 11:05:27 0138     13111529
2023-03-02 11:05:27 0139     13111535
2023-03-02 11:05:27 0140     13111536
2023-03-02 11:05:27 0141     30005623
2023-03-02 11:05:27 0142     30005624
2023-03-02 11:05:27 0143     30114754
2023-03-02 11:05:27 0144     30114756
2023-03-02 11:05:27 0145     30114758
2023-03-02 11:05:27 0146     30114759
2023-03-02 11:05:27 0147     30114752
2023-03-02 11:05:27 0148     30114770
2023-03-02 11:05:27 0149     30114771
2023-03-02 11:05:27 0150     30114772
2023-03-02 11:05:27 0151     30114767
2023-03-02 11:05:27 0152     12878272
2023-03-02 11:05:27 0153     12878280
2023-03-02 11:05:27 0154     13111526
2023-03-02 11:05:27 0155     13111531
2023-03-02 11:05:27 0156     13111528
2023-03-02 11:05:27 0157     13111532
2023-03-02 11:05:27 0158     30005622
2023-03-02 11:05:27 0159     30114750
2023-03-02 11:05:27 0160     30114766
2023-03-02 11:05:27 0161 ]
2023-03-02 11:05:27      	1 fields found: ID_MATERIAL, 
2023-03-02 11:05:27      34 lines fetched
2023-03-02 11:05:27 0163 join(CRITICOS)
2023-03-02 11:05:27 0164 LOAD 1	AS FLAG_CRITICO
2023-03-02 11:05:27 0165 AutoGenerate(1)
2023-03-02 11:05:27      	1 fields found: FLAG_CRITICO, 
2023-03-02 11:05:27      1 lines fetched
2023-03-02 11:05:27      Joining/Keeping
2023-03-02 11:05:27 0168 TMP_YVATR:
2023-03-02 11:05:27 0169 LOAD
2023-03-02 11:05:27 0170      MATERIAL												AS ID_MATERIAL, 
2023-03-02 11:05:27 0171      UM 													AS UM_YVATR, 
2023-03-02 11:05:27 0172      LOTE													AS LOTE_YVATR, 
2023-03-02 11:05:27 0173      COD, 
2023-03-02 11:05:27 0174      FECHA_ARCHIVO											AS FECHA_ARCHIVO_YVATR,
2023-03-02 11:05:27 0175      PRIOE 													AS PRIOE_YVATR,
2023-03-02 11:05:27 0176      LEFT(LOTE,1)											AS LOTE_LETRA, 
2023-03-02 11:05:27 0177      PLACA,
2023-03-02 11:05:27 0178      POSICION,
2023-03-02 11:05:27 0179      DOC_VENTAS,
2023-03-02 11:05:27 0180      Makedate(Right(FECHA_ENTREGA,4), Left(Right(FECHA_ENTREGA, 7),2), Left(FECHA_ENTREGA,2))											AS FECHA_ENTREGA_PLANIF_YVATR,
2023-03-02 11:05:27 0181 
2023-03-02 11:05:27 0182      FECHA_SM_REAL,
2023-03-02 11:05:27 0183 
2023-03-02 11:05:27 0184 
2023-03-02 11:05:27 0185      ENTREGA, 
2023-03-02 11:05:27 0186      TIPO_YVATR,
2023-03-02 11:05:27 0187      CANAL_DISTRIBUCION, 
2023-03-02 11:05:27 0188      TRANSPORTE, 
2023-03-02 11:05:27 0189      if(isnull(FECHA_SM_REAL) or LEN(FECHA_SM_REAL)<=1, 1, 0)					AS FLAG_SIN_FECHA_YVATR,
2023-03-02 11:05:27 0190      if(isnull(LOTE) or LEN(LOTE)<=1, 1, 0)					AS FLAG_SIN_LOTE_YVATR,
2023-03-02 11:05:27 0191      ID_CLIENTE_DESTINO,
2023-03-02 11:05:27 0192      NOMBRE_CLIENTE_DESTINO,
2023-03-02 11:05:27 0193      TIPO_CLIENTE_DESTINO,
2023-03-02 11:05:27 0194      DENOMINACION,
2023-03-02 11:05:27 0195      IF(num(MONTH(FECHA_SM_REAL)) >= 5 , (YEAR(FECHA_SM_REAL)+1) , YEAR(FECHA_SM_REAL) )												AS CAMPAÑA_AÑO_MAX, 
2023-03-02 11:05:27 0196      CANTIDAD_ENTREGADA, 
2023-03-02 11:05:27 0197      IF(wildmatch(CULTIVO,'*40M'), CANTIDAD_ENTREGADA * 0.5 ,
2023-03-02 11:05:27 0198      	IF(wildmatch(CULTIVO,'*60M'), CANTIDAD_ENTREGADA * 0.75 ,
2023-03-02 11:05:27 0199      		IF(wildmatch(CULTIVO,'*80M'), CANTIDAD_ENTREGADA)))			AS CANTIDAD_ENTREGADA_SSU,
2023-03-02 11:05:27 0200      1		 													AS FLAG_YVATR
2023-03-02 11:05:27 0201 FROM [..\..\..\PROD\DATA\EXCEL\QVD\DATA_EXCEL_OUTBOUND_ROJAS_YVATR.qvd] (qvd)
2023-03-02 11:05:32      	26 fields found: ID_MATERIAL, UM_YVATR, LOTE_YVATR, COD, FECHA_ARCHIVO_YVATR, PRIOE_YVATR, LOTE_LETRA, PLACA, POSICION, DOC_VENTAS, FECHA_ENTREGA_PLANIF_YVATR, FECHA_SM_REAL, ENTREGA, TIPO_YVATR, CANAL_DISTRIBUCION, TRANSPORTE, FLAG_SIN_FECHA_YVATR, FLAG_SIN_LOTE_YVATR, ID_CLIENTE_DESTINO, NOMBRE_CLIENTE_DESTINO, TIPO_CLIENTE_DESTINO, DENOMINACION, CAMPAÑA_AÑO_MAX, CANTIDAD_ENTREGADA, CANTIDAD_ENTREGADA_SSU, FLAG_YVATR, 
2023-03-02 11:05:32      241,316 lines fetched
2023-03-02 11:05:32 0206 LINKTABLE:
2023-03-02 11:05:32 0207 LOAD Distinct
2023-03-02 11:05:32 0208 	 Date(FECHA_HORA_CORRIDA,'DD/MM/YYYY hh:mm')		AS FECHA_HORA_CORRIDA, 
2023-03-02 11:05:32 0209      USER_CORRIDA, 
2023-03-02 11:05:32 0210      KEY_PEDIDO_MATERIAL_FECHACORRIDA, 
2023-03-02 11:05:32 0211      FECHA_INICIO, 
2023-03-02 11:05:32 0212      FECHA_FIN, 
2023-03-02 11:05:32 0213      CORRIDA, 
2023-03-02 11:05:32 0214      ID_PEDIDO, 
2023-03-02 11:05:32 0215      ID_MATERIAL, 
2023-03-02 11:05:32 0216      FECHA
2023-03-02 11:05:32 0217 FROM
2023-03-02 11:05:32 0218 [..\..\..\PROD\STG\OPTIMIZADO\QVD\STG_EXCEL_OUTBOUND_ROJAS_OPTIMIZADO_DISTRIBUCION_LINK.qvd]
2023-03-02 11:05:32 0219 (qvd)
2023-03-02 11:05:33      	9 fields found: FECHA_HORA_CORRIDA, USER_CORRIDA, KEY_PEDIDO_MATERIAL_FECHACORRIDA, FECHA_INICIO, FECHA_FIN, CORRIDA, ID_PEDIDO, ID_MATERIAL, FECHA, 
2023-03-02 11:05:33      310,172 lines fetched
2023-03-02 11:05:33 0222 MAESTRO_MATERIALES:
2023-03-02 11:05:33 0223 LOAD Distinct
2023-03-02 11:05:33 0224 	 MATERIAL			AS ID_MATERIAL, 
2023-03-02 11:05:33 0225      MARCA, 
2023-03-02 11:05:33 0226      TEXTO_BREVE_MATERIAL,
2023-03-02 11:05:33 0227      SubField(TEXTO_BREVE_MATERIAL,' ',3)		AS HY
2023-03-02 11:05:33 0228 FROM
2023-03-02 11:05:33 0229 [..\..\..\PROD\STG\MATERIALES\QVD\STG_OUTBOUND_MATERIALES_ROJAS.qvd]
2023-03-02 11:05:33 0230 (qvd)
2023-03-02 11:05:33      	4 fields found: ID_MATERIAL, MARCA, TEXTO_BREVE_MATERIAL, HY, 
2023-03-02 11:05:33      4,946 lines fetched
2023-03-02 11:05:33 0233 INPUTS:
2023-03-02 11:05:33 0234 LOAD 
2023-03-02 11:05:33 0235 	 FECHA_HORA_CORRIDA, 
2023-03-02 11:05:33 0236      VALOR, 
2023-03-02 11:05:33 0237      DESCRIPCION
2023-03-02 11:05:33 0238 FROM
2023-03-02 11:05:33 0239 [..\..\..\PROD\DATA\EXCEL\QVD\DATA_EXCEL_OUTBOUND_ROJAS_OPTIMIZADO_DISTRIBUCION_INPUTS.qvd]
2023-03-02 11:05:33 0240 (qvd)
2023-03-02 11:05:33      	3 fields found: FECHA_HORA_CORRIDA, VALOR, DESCRIPCION, 
2023-03-02 11:05:33      378 lines fetched
2023-03-02 11:05:33 0243 FECHAS:
2023-03-02 11:05:33 0244 LOAD
2023-03-02 11:05:33 0245 	NUM(MONTHSTART(MIN(FECHA_MINIMA_RECEPCION_CLIENTE))) AS FECHA_MIN,
2023-03-02 11:05:33 0246 	NUM(MAX(FECHA_MINIMA_RECEPCION_CLIENTE)) AS FECHA_MAX
2023-03-02 11:05:33 0247 RESIDENT OPTIMIZADO
2023-03-02 11:05:44      	2 fields found: FECHA_MIN, FECHA_MAX, 
2023-03-02 11:05:44      1 lines fetched
2023-03-02 11:05:44 0249 LET vFechaInicio=PEEK('FECHA_MIN',0,'FECHAS')
2023-03-02 11:05:44 0250 LET vFechaFin=PEEK('FECHA_MAX',0,'FECHAS')
2023-03-02 11:05:44 0252 DROP TABLE FECHAS
2023-03-02 11:05:44 0254 CALENDARIO:
2023-03-02 11:05:44 0255 LOAD Distinct
2023-03-02 11:05:44 0256 	*,
2023-03-02 11:05:44 0257 	YEAR(FECHA_NUM)&num(MONTH(FECHA_NUM),'00')						AS AÑOMES,
2023-03-02 11:05:44 0258 	DATE(MonthStart(FECHA_NUM),'MMM-YY') 			 				AS AÑO_MES_DESC,
2023-03-02 11:05:44 0259 	CAPITALIZE(MONTH(FECHA_NUM))     								AS MES_NOMBRE,
2023-03-02 11:05:44 0260 	'Q' & CEIL(NUM(MONTH(FECHA_NUM))/3) 							AS TRIMESTRE,
2023-03-02 11:05:44 0261 	YEAR(FECHA_NUM) * 12 + NUM(MONTH(FECHA_NUM))  					AS ID_TIE_ROLLING,
2023-03-02 11:05:44 0262 	YEAR(FECHA_NUM)													AS AÑO,
2023-03-02 11:05:44 0263 	NUM(MONTH(FECHA_NUM))											AS MES,
2023-03-02 11:05:44 0264 	DAY(FECHA_NUM)													AS DIA,
2023-03-02 11:05:44 0265 	Dual(DAY(FECHA_NUM)&'.'& MONTH(FECHA_NUM),FECHA_NUM)			AS FECHA_CORTA,
2023-03-02 11:05:44 0266 	DATE(FECHA_NUM)													AS FECHA,
2023-03-02 11:05:44 0267 	YEAR(FECHA_NUM)&CEIL(NUM(MONTH(FECHA_NUM))/3) 					AS AÑO_TRIMESTRE,
2023-03-02 11:05:44 0268 	YEAR(FECHA_NUM)&'-Q'&CEIL(NUM(MONTH(FECHA_NUM))/3) 				AS AÑO_TRIMESTRE_DESC
2023-03-02 11:05:44 0271 LOAD
2023-03-02 11:05:44 0272 	FECHA_NUM
2023-03-02 11:05:44 0275 LOAD
2023-03-02 11:05:44 0276 	(43556+ITERNO()-1) 								    AS FECHA_NUM
2023-03-02 11:05:44 0277 AUTOGENERATE 1
2023-03-02 11:05:44 0278 WHILE (43556+ITERNO()-1) <=  44926
2023-03-02 11:05:44      	13 fields found: FECHA_NUM, AÑOMES, AÑO_MES_DESC, MES_NOMBRE, TRIMESTRE, ID_TIE_ROLLING, AÑO, MES, DIA, FECHA_CORTA, FECHA, AÑO_TRIMESTRE, AÑO_TRIMESTRE_DESC, 
2023-03-02 11:05:44      1,371 lines fetched
2023-03-02 11:05:46      Execution finished.
